<?xml version="1.0" encoding="UTF-8"?>
<testng-results ignored="0" total="1" passed="1" failed="0" skipped="0">
  <reporter-output>
  </reporter-output>
  <suite started-at="2026-02-26T18:08:45 IST" name="Default suite" finished-at="2026-02-26T18:08:49 IST" duration-ms="3784">
    <groups>
    </groups>
    <test started-at="2026-02-26T18:08:45 IST" name="Default test" finished-at="2026-02-26T18:08:49 IST" duration-ms="3784">
      <class name="pkk.AmazonJenkins">
        <test-method signature="openAmazon()[pri:0, instance:pkk.AmazonJenkins@35ef1869]" started-at="2026-02-26T18:08:45 IST" name="openAmazon" finished-at="2026-02-26T18:08:49 IST" duration-ms="3756" status="PASS">
          <reporter-output>
          </reporter-output>
        </test-method> <!-- openAmazon -->
      </class> <!-- pkk.AmazonJenkins -->
    </test> <!-- Default test -->
  </suite> <!-- Default suite -->
</testng-results>
